[0402/211945.492:ERROR:file_io.cc(134)] WriteFile: There is not enough space on the disk. (0x70)
[0402/211945.498:ERROR:crash_report_exception_handler.cc(111)] WriteEverything failed
[0402/211945.501:ERROR:filesystem_win.cc(148)] DeleteFile C:\Users\SH17E9~1\AppData\Local\Temp\1\scoped_dir6236_887\Crashpad\reports\0e13a0fd-dcdc-45e3-b962-a35f521afde2.dmp: The process cannot access the file because it is being used by another process. (0x20)
[0215/183140.642:ERROR:process_info.cc(359)] UncheckedAllocate
[0215/183140.728:ERROR:process_info.cc(359)] UncheckedAllocate
[0301/144514.487:ERROR:filesystem_win.cc(148)] DeleteFile C:\Users\SHAHMR~1\AppData\Local\Temp\scoped_dir19788_1840418283\Crashpad\reports\c8f8ab4d-3567-4a3d-866f-99ca6f77a575.dmp: The process cannot access the file because it is being used by another process. (0x20)
[0301/144515.040:ERROR:process_info.cc(359)] UncheckedAllocate
[0301/144519.502:ERROR:process_info.cc(359)] UncheckedAllocate
[0301/144521.588:ERROR:process_info.cc(359)] UncheckedAllocate
[0301/144523.973:ERROR:process_info.cc(359)] UncheckedAllocate
[0424/102732.467:ERROR:file_io_win.cc(161)] CreateFile C:\Users\SHAHMR~1\AppData\Local\Temp\1\scoped_dir10228_1360802820\Crashpad\settings.dat: The system cannot find the path specified. (0x3)
[0424/102732.470:ERROR:file_io_win.cc(170)] CreateFile C:\Users\SHAHMR~1\AppData\Local\Temp\1\scoped_dir10228_1360802820\Crashpad\reports\2c09c25c-f1d9-4e29-a861-a788cef49254.dmp: The system cannot find the path specified. (0x3)
[0424/102732.470:ERROR:crash_report_exception_handler.cc(97)] PrepareNewCrashReport failed
[0716/174953.760:ERROR:filesystem_win.cc(148)] DeleteFile C:\Users\SHAHMR~1\AppData\Local\Temp\1\scoped_dir9564_1609239044\Crashpad\reports\4bdd3ae6-2228-4f51-8d7a-5538e8ef3a5c.dmp: The process cannot access the file because it is being used by another process. (0x20)
[0716/175032.309:ERROR:filesystem_win.cc(148)] DeleteFile C:\Users\SHAHMR~1\AppData\Local\Temp\1\scoped_dir28212_1554001748\Crashpad\reports\3a49949e-309b-4fbe-a38d-d1ee1adeaba8.dmp: The process cannot access the file because it is being used by another process. (0x20)
[0716/175150.515:ERROR:process_info.cc(359)] UncheckedAllocate
[0910/193744.281:ERROR:filesystem_win.cc(148)] DeleteFile C:\Users\SHAHMR~1\AppData\Local\Temp\1\scoped_dir29488_969146191\Crashpad\reports\2d44157e-5fec-4138-b08f-7d1df97b8498.dmp: The process cannot access the file because it is being used by another process. (0x20)
[1008/165341.035:ERROR:process_info.cc(359)] UncheckedAllocate
[1008/165341.069:ERROR:process_info.cc(359)] UncheckedAllocate
[1008/170350.153:ERROR:process_info.cc(359)] UncheckedAllocate
[1008/170737.486:ERROR:process_info.cc(359)] UncheckedAllocate
[1008/171033.881:ERROR:process_info.cc(359)] UncheckedAllocate
[1020/114042.644:ERROR:directory_reader_win.cc(43)] FindFirstFile: The system cannot find the path specified. (0x3)
[1020/193849.473:ERROR:directory_reader_win.cc(43)] FindFirstFile: The system cannot find the path specified. (0x3)
